-------------------------------------------------------------------------------
Test set: com.test.singleton.DiscountPricingStrategyTest
-------------------------------------------------------------------------------
Tests run: 8, Failures: 0, Errors: 8, Skipped: 0, Time elapsed: 0.256 s <<< FAILURE! -- in com.test.singleton.DiscountPricingStrategyTest
com.test.singleton.DiscountPricingStrategyTest.calculate_AmountDiscount -- Time elapsed: 0.209 s <<< ERROR!
org.mockito.exceptions.misusing.UnfinishedStubbingException: 

Unfinished stubbing detected here:
-> at com.test.singleton.DiscountPricingStrategyTest.setUp(DiscountPricingStrategyTest.java:61)

E.g. thenReturn() may be missing.
Examples of correct stubbing:
    when(mock.isOk()).thenReturn(true);
    when(mock.isOk()).thenThrow(exception);
    doThrow(exception).when(mock).someVoidMethod();
Hints:
 1. missing thenReturn()
 2. you are trying to stub a final method, which is not supported
 3. you are stubbing the behaviour of another mock inside before 'thenReturn' instruction is completed

	at java.base/java.time.LocalDate.of(LocalDate.java:270)
	at com.test.singleton.DiscountPricingStrategyTest.setUp(DiscountPricingStrategyTest.java:61)
	at java.base/java.lang.reflect.Method.invoke(Method.java:568)
	at java.base/java.util.ArrayList.forEach(ArrayList.java:1511)
	at java.base/java.util.ArrayList.forEach(ArrayList.java:1511)

com.test.singleton.DiscountPricingStrategyTest.calculate_MultiplePercentageDiscounts -- Time elapsed: 0.004 s <<< ERROR!
org.mockito.exceptions.misusing.UnfinishedStubbingException: 

Unfinished stubbing detected here:
-> at com.test.singleton.DiscountPricingStrategyTest.setUp(DiscountPricingStrategyTest.java:61)

E.g. thenReturn() may be missing.
Examples of correct stubbing:
    when(mock.isOk()).thenReturn(true);
    when(mock.isOk()).thenThrow(exception);
    doThrow(exception).when(mock).someVoidMethod();
Hints:
 1. missing thenReturn()
 2. you are trying to stub a final method, which is not supported
 3. you are stubbing the behaviour of another mock inside before 'thenReturn' instruction is completed

	at java.base/java.time.LocalDate.of(LocalDate.java:270)
	at com.test.singleton.DiscountPricingStrategyTest.setUp(DiscountPricingStrategyTest.java:61)
	at java.base/java.lang.reflect.Method.invoke(Method.java:568)
	at java.base/java.util.ArrayList.forEach(ArrayList.java:1511)
	at java.base/java.util.ArrayList.forEach(ArrayList.java:1511)

com.test.singleton.DiscountPricingStrategyTest.calculate_NoActiveDiscounts -- Time elapsed: 0.005 s <<< ERROR!
org.mockito.exceptions.misusing.UnfinishedStubbingException: 

Unfinished stubbing detected here:
-> at com.test.singleton.DiscountPricingStrategyTest.setUp(DiscountPricingStrategyTest.java:61)

E.g. thenReturn() may be missing.
Examples of correct stubbing:
    when(mock.isOk()).thenReturn(true);
    when(mock.isOk()).thenThrow(exception);
    doThrow(exception).when(mock).someVoidMethod();
Hints:
 1. missing thenReturn()
 2. you are trying to stub a final method, which is not supported
 3. you are stubbing the behaviour of another mock inside before 'thenReturn' instruction is completed

	at java.base/java.time.LocalDate.of(LocalDate.java:270)
	at com.test.singleton.DiscountPricingStrategyTest.setUp(DiscountPricingStrategyTest.java:61)
	at java.base/java.lang.reflect.Method.invoke(Method.java:568)
	at java.base/java.util.ArrayList.forEach(ArrayList.java:1511)
	at java.base/java.util.ArrayList.forEach(ArrayList.java:1511)

com.test.singleton.DiscountPricingStrategyTest.calculate_DiscountWithQuantity -- Time elapsed: 0.003 s <<< ERROR!
org.mockito.exceptions.misusing.UnfinishedStubbingException: 

Unfinished stubbing detected here:
-> at com.test.singleton.DiscountPricingStrategyTest.setUp(DiscountPricingStrategyTest.java:61)

E.g. thenReturn() may be missing.
Examples of correct stubbing:
    when(mock.isOk()).thenReturn(true);
    when(mock.isOk()).thenThrow(exception);
    doThrow(exception).when(mock).someVoidMethod();
Hints:
 1. missing thenReturn()
 2. you are trying to stub a final method, which is not supported
 3. you are stubbing the behaviour of another mock inside before 'thenReturn' instruction is completed

	at java.base/java.time.LocalDate.of(LocalDate.java:270)
	at com.test.singleton.DiscountPricingStrategyTest.setUp(DiscountPricingStrategyTest.java:61)
	at java.base/java.lang.reflect.Method.invoke(Method.java:568)
	at java.base/java.util.ArrayList.forEach(ArrayList.java:1511)
	at java.base/java.util.ArrayList.forEach(ArrayList.java:1511)

com.test.singleton.DiscountPricingStrategyTest.calculate_MixedDiscounts_BestSelected -- Time elapsed: 0.004 s <<< ERROR!
org.mockito.exceptions.misusing.UnfinishedStubbingException: 

Unfinished stubbing detected here:
-> at com.test.singleton.DiscountPricingStrategyTest.setUp(DiscountPricingStrategyTest.java:61)

E.g. thenReturn() may be missing.
Examples of correct stubbing:
    when(mock.isOk()).thenReturn(true);
    when(mock.isOk()).thenThrow(exception);
    doThrow(exception).when(mock).someVoidMethod();
Hints:
 1. missing thenReturn()
 2. you are trying to stub a final method, which is not supported
 3. you are stubbing the behaviour of another mock inside before 'thenReturn' instruction is completed

	at java.base/java.time.LocalDate.of(LocalDate.java:270)
	at com.test.singleton.DiscountPricingStrategyTest.setUp(DiscountPricingStrategyTest.java:61)
	at java.base/java.lang.reflect.Method.invoke(Method.java:568)
	at java.base/java.util.ArrayList.forEach(ArrayList.java:1511)
	at java.base/java.util.ArrayList.forEach(ArrayList.java:1511)

com.test.singleton.DiscountPricingStrategyTest.calculate_BelowMinimumStock -- Time elapsed: 0.004 s <<< ERROR!
org.mockito.exceptions.misusing.UnfinishedStubbingException: 

Unfinished stubbing detected here:
-> at com.test.singleton.DiscountPricingStrategyTest.setUp(DiscountPricingStrategyTest.java:61)

E.g. thenReturn() may be missing.
Examples of correct stubbing:
    when(mock.isOk()).thenReturn(true);
    when(mock.isOk()).thenThrow(exception);
    doThrow(exception).when(mock).someVoidMethod();
Hints:
 1. missing thenReturn()
 2. you are trying to stub a final method, which is not supported
 3. you are stubbing the behaviour of another mock inside before 'thenReturn' instruction is completed

	at java.base/java.time.LocalDate.of(LocalDate.java:270)
	at com.test.singleton.DiscountPricingStrategyTest.setUp(DiscountPricingStrategyTest.java:61)
	at java.base/java.lang.reflect.Method.invoke(Method.java:568)
	at java.base/java.util.ArrayList.forEach(ArrayList.java:1511)
	at java.base/java.util.ArrayList.forEach(ArrayList.java:1511)

com.test.singleton.DiscountPricingStrategyTest.calculate_BelowMinPrice -- Time elapsed: 0.004 s <<< ERROR!
org.mockito.exceptions.misusing.UnfinishedStubbingException: 

Unfinished stubbing detected here:
-> at com.test.singleton.DiscountPricingStrategyTest.setUp(DiscountPricingStrategyTest.java:61)

E.g. thenReturn() may be missing.
Examples of correct stubbing:
    when(mock.isOk()).thenReturn(true);
    when(mock.isOk()).thenThrow(exception);
    doThrow(exception).when(mock).someVoidMethod();
Hints:
 1. missing thenReturn()
 2. you are trying to stub a final method, which is not supported
 3. you are stubbing the behaviour of another mock inside before 'thenReturn' instruction is completed

	at java.base/java.time.LocalDate.of(LocalDate.java:270)
	at com.test.singleton.DiscountPricingStrategyTest.setUp(DiscountPricingStrategyTest.java:61)
	at java.base/java.lang.reflect.Method.invoke(Method.java:568)
	at java.base/java.util.ArrayList.forEach(ArrayList.java:1511)
	at java.base/java.util.ArrayList.forEach(ArrayList.java:1511)

com.test.singleton.DiscountPricingStrategyTest.calculate_PercentageDiscount -- Time elapsed: 0.005 s <<< ERROR!
org.mockito.exceptions.misusing.UnfinishedStubbingException: 

Unfinished stubbing detected here:
-> at com.test.singleton.DiscountPricingStrategyTest.setUp(DiscountPricingStrategyTest.java:61)

E.g. thenReturn() may be missing.
Examples of correct stubbing:
    when(mock.isOk()).thenReturn(true);
    when(mock.isOk()).thenThrow(exception);
    doThrow(exception).when(mock).someVoidMethod();
Hints:
 1. missing thenReturn()
 2. you are trying to stub a final method, which is not supported
 3. you are stubbing the behaviour of another mock inside before 'thenReturn' instruction is completed

	at java.base/java.time.LocalDate.of(LocalDate.java:270)
	at com.test.singleton.DiscountPricingStrategyTest.setUp(DiscountPricingStrategyTest.java:61)
	at java.base/java.lang.reflect.Method.invoke(Method.java:568)
	at java.base/java.util.ArrayList.forEach(ArrayList.java:1511)
	at java.base/java.util.ArrayList.forEach(ArrayList.java:1511)

