<?xml version="1.0" encoding="UTF-8"?>
<testsuite xmlns:xsi="http://www.w3.org/2001/XMLSchema-instance" xsi:noNamespaceSchemaLocation="https://maven.apache.org/surefire/maven-surefire-plugin/xsd/surefire-test-report-3.0.xsd" version="3.0" name="com.test.repository.BillingRepositoryTest" time="0.859" tests="6" errors="4" skipped="0" failures="2">
  <properties>
[...]
</properties>
  <testcase name="nextSerial_noExistingBills_returnsOne" classname="com.test.repository.BillingRepositoryTest" time="0.749">
    <error message="&#10;Strict stubbing argument mismatch. Please check:&#10; - this invocation of &apos;prepareStatement&apos; method:&#10;    mockConnection.prepareStatement(&#10;    &quot;SELECT COALESCE(MAX(serial_number), 0) + 1&#10;  FROM bill&#10; WHERE DATE(bill_date) = CURRENT_DATE&#10;&quot;&#10;);&#10;    -&gt; at com.syos.repository.BillingRepository.nextSerial(BillingRepository.java:137)&#10; - has following stubbing(s) with different arguments:&#10;    1. mockConnection.prepareStatement(&quot;&quot;);&#10;      -&gt; at com.test.repository.BillingRepositoryTest.nextSerial_noExistingBills_returnsOne(BillingRepositoryTest.java:231)&#10;Typically, stubbing argument mismatch indicates user mistake when writing tests.&#10;Mockito fails early so that you can debug potential problem easily.&#10;However, there are legit scenarios when this exception generates false negative signal:&#10;  - stubbing the same method multiple times using &apos;given().will()&apos; or &apos;when().then()&apos; API&#10;    Please use &apos;will().given()&apos; or &apos;doReturn().when()&apos; API for stubbing.&#10;  - stubbed method is intentionally invoked with different arguments by code under test&#10;    Please use default or &apos;silent&apos; JUnit Rule (equivalent of Strictness.LENIENT).&#10;For more information see javadoc for PotentialStubbingProblem class." type="org.mockito.exceptions.misusing.PotentialStubbingProblem"><![CDATA[org.mockito.exceptions.misusing.PotentialStubbingProblem: 

Strict stubbing argument mismatch. Please check:
 - this invocation of 'prepareStatement' method:
    mockConnection.prepareStatement(
    "SELECT COALESCE(MAX(serial_number), 0) + 1
  FROM bill
 WHERE DATE(bill_date) = CURRENT_DATE
"
);
    -> at com.syos.repository.BillingRepository.nextSerial(BillingRepository.java:137)
 - has following stubbing(s) with different arguments:
    1. mockConnection.prepareStatement("");
      -> at com.test.repository.BillingRepositoryTest.nextSerial_noExistingBills_returnsOne(BillingRepositoryTest.java:231)
Typically, stubbing argument mismatch indicates user mistake when writing tests.
Mockito fails early so that you can debug potential problem easily.
However, there are legit scenarios when this exception generates false negative signal:
  - stubbing the same method multiple times using 'given().will()' or 'when().then()' API
    Please use 'will().given()' or 'doReturn().when()' API for stubbing.
  - stubbed method is intentionally invoked with different arguments by code under test
    Please use default or 'silent' JUnit Rule (equivalent of Strictness.LENIENT).
For more information see javadoc for PotentialStubbingProblem class.
	at com.syos.repository.BillingRepository.nextSerial(BillingRepository.java:137)
	at com.test.repository.BillingRepositoryTest.nextSerial_noExistingBills_returnsOne(BillingRepositoryTest.java:238)
	at java.base/java.lang.reflect.Method.invoke(Method.java:568)
	at java.base/java.util.ArrayList.forEach(ArrayList.java:1511)
	at java.base/java.util.ArrayList.forEach(ArrayList.java:1511)
]]></error>
  </testcase>
  <testcase name="nextSerial_existingBills_returnsMaxPlusOne" classname="com.test.repository.BillingRepositoryTest" time="0.01">
    <error message="&#10;Strict stubbing argument mismatch. Please check:&#10; - this invocation of &apos;prepareStatement&apos; method:&#10;    mockConnection.prepareStatement(&#10;    &quot;SELECT COALESCE(MAX(serial_number), 0) + 1&#10;  FROM bill&#10; WHERE DATE(bill_date) = CURRENT_DATE&#10;&quot;&#10;);&#10;    -&gt; at com.syos.repository.BillingRepository.nextSerial(BillingRepository.java:137)&#10; - has following stubbing(s) with different arguments:&#10;    1. mockConnection.prepareStatement(&quot;&quot;);&#10;      -&gt; at com.test.repository.BillingRepositoryTest.nextSerial_existingBills_returnsMaxPlusOne(BillingRepositoryTest.java:206)&#10;Typically, stubbing argument mismatch indicates user mistake when writing tests.&#10;Mockito fails early so that you can debug potential problem easily.&#10;However, there are legit scenarios when this exception generates false negative signal:&#10;  - stubbing the same method multiple times using &apos;given().will()&apos; or &apos;when().then()&apos; API&#10;    Please use &apos;will().given()&apos; or &apos;doReturn().when()&apos; API for stubbing.&#10;  - stubbed method is intentionally invoked with different arguments by code under test&#10;    Please use default or &apos;silent&apos; JUnit Rule (equivalent of Strictness.LENIENT).&#10;For more information see javadoc for PotentialStubbingProblem class." type="org.mockito.exceptions.misusing.PotentialStubbingProblem"><![CDATA[org.mockito.exceptions.misusing.PotentialStubbingProblem: 

Strict stubbing argument mismatch. Please check:
 - this invocation of 'prepareStatement' method:
    mockConnection.prepareStatement(
    "SELECT COALESCE(MAX(serial_number), 0) + 1
  FROM bill
 WHERE DATE(bill_date) = CURRENT_DATE
"
);
    -> at com.syos.repository.BillingRepository.nextSerial(BillingRepository.java:137)
 - has following stubbing(s) with different arguments:
    1. mockConnection.prepareStatement("");
      -> at com.test.repository.BillingRepositoryTest.nextSerial_existingBills_returnsMaxPlusOne(BillingRepositoryTest.java:206)
Typically, stubbing argument mismatch indicates user mistake when writing tests.
Mockito fails early so that you can debug potential problem easily.
However, there are legit scenarios when this exception generates false negative signal:
  - stubbing the same method multiple times using 'given().will()' or 'when().then()' API
    Please use 'will().given()' or 'doReturn().when()' API for stubbing.
  - stubbed method is intentionally invoked with different arguments by code under test
    Please use default or 'silent' JUnit Rule (equivalent of Strictness.LENIENT).
For more information see javadoc for PotentialStubbingProblem class.
	at com.syos.repository.BillingRepository.nextSerial(BillingRepository.java:137)
	at com.test.repository.BillingRepositoryTest.nextSerial_existingBills_returnsMaxPlusOne(BillingRepositoryTest.java:213)
	at java.base/java.lang.reflect.Method.invoke(Method.java:568)
	at java.base/java.util.ArrayList.forEach(ArrayList.java:1511)
	at java.base/java.util.ArrayList.forEach(ArrayList.java:1511)
]]></error>
  </testcase>
  <testcase name="save_validBillWithItems_commitsTransaction" classname="com.test.repository.BillingRepositoryTest" time="0.029">
    <error message="&#10;Invalid use of argument matchers!&#10;2 matchers expected, 1 recorded:&#10;-&gt; at com.test.repository.BillingRepositoryTest.save_validBillWithItems_commitsTransaction(BillingRepositoryTest.java:108)&#10;&#10;This exception may occur if matchers are combined with raw values:&#10;    //incorrect:&#10;    someMethod(any(), &quot;raw String&quot;);&#10;When using matchers, all arguments have to be provided by matchers.&#10;For example:&#10;    //correct:&#10;    someMethod(any(), eq(&quot;String by matcher&quot;));&#10;&#10;For more info see javadoc for Matchers class.&#10;" type="org.mockito.exceptions.misusing.InvalidUseOfMatchersException"><![CDATA[org.mockito.exceptions.misusing.InvalidUseOfMatchersException: 

Invalid use of argument matchers!
2 matchers expected, 1 recorded:
-> at com.test.repository.BillingRepositoryTest.save_validBillWithItems_commitsTransaction(BillingRepositoryTest.java:108)

This exception may occur if matchers are combined with raw values:
    //incorrect:
    someMethod(any(), "raw String");
When using matchers, all arguments have to be provided by matchers.
For example:
    //correct:
    someMethod(any(), eq("String by matcher"));

For more info see javadoc for Matchers class.

	at com.test.repository.BillingRepositoryTest.save_validBillWithItems_commitsTransaction(BillingRepositoryTest.java:108)
	at java.base/java.lang.reflect.Method.invoke(Method.java:568)
	at java.base/java.util.ArrayList.forEach(ArrayList.java:1511)
	at java.base/java.util.ArrayList.forEach(ArrayList.java:1511)
]]></error>
  </testcase>
  <testcase name="save_itemSaveFails_rollbacksTransaction" classname="com.test.repository.BillingRepositoryTest" time="0.024">
    <failure message="&#10;Wanted but not invoked:&#10;mockConnection.rollback();&#10;-&gt; at com.test.repository.BillingRepositoryTest.save_itemSaveFails_rollbacksTransaction(BillingRepositoryTest.java:194)&#10;&#10;However, there were exactly 4 interactions with this mock:&#10;mockConnection.setAutoCommit(false);&#10;-&gt; at com.syos.repository.BillingRepository.save(BillingRepository.java:32)&#10;&#10;mockConnection.prepareStatement(&#10;    &quot;INSERT INTO bill&#10;  (serial_number, bill_date, total_amount, cash_tendered, change_returned, transaction_type)&#10;VALUES (?, ?, ?, ?, ?, ?)&#10;RETURNING id&#10;&quot;&#10;);&#10;-&gt; at com.syos.repository.BillingRepository.save(BillingRepository.java:35)&#10;&#10;mockConnection.prepareStatement(&#10;    &quot;INSERT INTO bill_item (bill_id, product_code, quantity, total_price, discount_amount)&#10;VALUES (?, ?, ?, ?, ?)&#10;&quot;&#10;);&#10;-&gt; at com.syos.repository.BillingRepository.save(BillingRepository.java:52)&#10;&#10;mockConnection.close();&#10;-&gt; at com.syos.repository.BillingRepository.save(BillingRepository.java:31)&#10;&#10;" type="Wanted but not invoked"><![CDATA[Wanted but not invoked:
mockConnection.rollback();
-> at com.test.repository.BillingRepositoryTest.save_itemSaveFails_rollbacksTransaction(BillingRepositoryTest.java:194)

However, there were exactly 4 interactions with this mock:
mockConnection.setAutoCommit(false);
-> at com.syos.repository.BillingRepository.save(BillingRepository.java:32)

mockConnection.prepareStatement(
    "INSERT INTO bill
  (serial_number, bill_date, total_amount, cash_tendered, change_returned, transaction_type)
VALUES (?, ?, ?, ?, ?, ?)
RETURNING id
"
);
-> at com.syos.repository.BillingRepository.save(BillingRepository.java:35)

mockConnection.prepareStatement(
    "INSERT INTO bill_item (bill_id, product_code, quantity, total_price, discount_amount)
VALUES (?, ?, ?, ?, ?)
"
);
-> at com.syos.repository.BillingRepository.save(BillingRepository.java:52)

mockConnection.close();
-> at com.syos.repository.BillingRepository.save(BillingRepository.java:31)


	at com.test.repository.BillingRepositoryTest.save_itemSaveFails_rollbacksTransaction(BillingRepositoryTest.java:194)
	at java.base/java.lang.reflect.Method.invoke(Method.java:568)
	at java.base/java.util.ArrayList.forEach(ArrayList.java:1511)
	at java.base/java.util.ArrayList.forEach(ArrayList.java:1511)
]]></failure>
  </testcase>
  <testcase name="nextSerial_queryFails_throwsRuntimeException" classname="com.test.repository.BillingRepositoryTest" time="0.012">
    <error message="&#10;Unnecessary stubbings detected.&#10;Clean &amp; maintainable test code requires zero unnecessary code.&#10;Following stubbings are unnecessary (click to navigate to relevant line of code):&#10;  1. -&gt; at com.test.repository.BillingRepositoryTest.setUp(BillingRepositoryTest.java:62)&#10;  2. -&gt; at com.test.repository.BillingRepositoryTest.setUp(BillingRepositoryTest.java:63)&#10;  3. -&gt; at com.test.repository.BillingRepositoryTest.setUp(BillingRepositoryTest.java:64)&#10;Please remove unnecessary stubbings or use &apos;lenient&apos; strictness. More info: javadoc for UnnecessaryStubbingException class." type="org.mockito.exceptions.misusing.UnnecessaryStubbingException"><![CDATA[org.mockito.exceptions.misusing.UnnecessaryStubbingException: 

Unnecessary stubbings detected.
Clean & maintainable test code requires zero unnecessary code.
Following stubbings are unnecessary (click to navigate to relevant line of code):
  1. -> at com.test.repository.BillingRepositoryTest.setUp(BillingRepositoryTest.java:62)
  2. -> at com.test.repository.BillingRepositoryTest.setUp(BillingRepositoryTest.java:63)
  3. -> at com.test.repository.BillingRepositoryTest.setUp(BillingRepositoryTest.java:64)
Please remove unnecessary stubbings or use 'lenient' strictness. More info: javadoc for UnnecessaryStubbingException class.
	at org.mockito.junit.jupiter.MockitoExtension.afterEach(MockitoExtension.java:197)
	at java.base/java.util.ArrayList.forEach(ArrayList.java:1511)
	at java.base/java.util.ArrayList.forEach(ArrayList.java:1511)
]]></error>
  </testcase>
  <testcase name="save_billSaveFails_rollbacksTransaction" classname="com.test.repository.BillingRepositoryTest" time="0.012">
    <failure message="&#10;Wanted but not invoked:&#10;mockConnection.rollback();&#10;-&gt; at com.test.repository.BillingRepositoryTest.save_billSaveFails_rollbacksTransaction(BillingRepositoryTest.java:161)&#10;&#10;However, there were exactly 3 interactions with this mock:&#10;mockConnection.setAutoCommit(false);&#10;-&gt; at com.syos.repository.BillingRepository.save(BillingRepository.java:32)&#10;&#10;mockConnection.prepareStatement(&#10;    &quot;INSERT INTO bill&#10;  (serial_number, bill_date, total_amount, cash_tendered, change_returned, transaction_type)&#10;VALUES (?, ?, ?, ?, ?, ?)&#10;RETURNING id&#10;&quot;&#10;);&#10;-&gt; at com.syos.repository.BillingRepository.save(BillingRepository.java:35)&#10;&#10;mockConnection.close();&#10;-&gt; at com.syos.repository.BillingRepository.save(BillingRepository.java:31)&#10;&#10;" type="Wanted but not invoked"><![CDATA[Wanted but not invoked:
mockConnection.rollback();
-> at com.test.repository.BillingRepositoryTest.save_billSaveFails_rollbacksTransaction(BillingRepositoryTest.java:161)

However, there were exactly 3 interactions with this mock:
mockConnection.setAutoCommit(false);
-> at com.syos.repository.BillingRepository.save(BillingRepository.java:32)

mockConnection.prepareStatement(
    "INSERT INTO bill
  (serial_number, bill_date, total_amount, cash_tendered, change_returned, transaction_type)
VALUES (?, ?, ?, ?, ?, ?)
RETURNING id
"
);
-> at com.syos.repository.BillingRepository.save(BillingRepository.java:35)

mockConnection.close();
-> at com.syos.repository.BillingRepository.save(BillingRepository.java:31)


	at com.test.repository.BillingRepositoryTest.save_billSaveFails_rollbacksTransaction(BillingRepositoryTest.java:161)
	at java.base/java.lang.reflect.Method.invoke(Method.java:568)
	at java.base/java.util.ArrayList.forEach(ArrayList.java:1511)
	at java.base/java.util.ArrayList.forEach(ArrayList.java:1511)
]]></failure>
  </testcase>
</testsuite>