<?xml version="1.0" encoding="UTF-8"?>
<testsuite xmlns:xsi="http://www.w3.org/2001/XMLSchema-instance" xsi:noNamespaceSchemaLocation="https://maven.apache.org/surefire/maven-surefire-plugin/xsd/surefire-test-report-3.0.xsd" version="3.0" name="com.test.command.ViewStockCommandTest" time="0.064" tests="10" errors="0" skipped="0" failures="9">
  <properties>
[...]
</properties>
  <testcase name="testExecute_displayAll_mixedStockDetails" classname="com.test.command.ViewStockCommandTest" time="0.015">
    <failure message="expected: &lt;Enter product code to view stock details (or leave blank to view all products): &#10;--- Current Shelf and Back-Store Stock Details (All Products) ---&#10;-----------------------------------------------------------------------------------------------------------------&#10;Product Code    Shelf Qty       Batch ID        Purch. Date     Exp. Date       Batch Rem. Qty &#10;-----------------------------------------------------------------------------------------------------------------&#10;PROD_A          75              101             2025-07-03      2026-01-03      50             &#10;                                102             2025-09-03      2025-11-03      20             &#10;PROD_B          100             201             2025-04-03      2026-04-03      100            &#10;PROD_C          15              N/A             N/A             N/A             N/A            &#10;PROD_D          0               N/A             N/A             N/A             N/A            &#10;PROD_E          25              N/A             N/A             N/A             N/A            &#10;-----------------------------------------------------------------------------------------------------------------&#10;Note: &apos;Shelf Qty&apos; is the total quantity on the shelf. &apos;Batch Rem. Qty&apos; is stock remaining in back-store batches.&#10;&gt; but was: &lt;Enter product code to view stock details (or leave blank to view all products): &#10;--- Current Shelf and Back-Store Stock Details (All Products) ---&#10;-----------------------------------------------------------------------------------------------------------------&#10;Product Code    Shelf Qty       Batch ID        Purch. Date     Exp. Date       Batch Rem. Qty &#10;-----------------------------------------------------------------------------------------------------------------&#10;PROD_A          75              101             2025-07-03      2026-01-03      50             &#10;                                102             2025-09-03      2025-11-03      20             &#10;PROD_B          100             201             2025-04-03      2026-04-03      100            &#10;PROD_C          15              N/A             N/A             N/A             N/A            &#10;PROD_D          0               N/A             N/A             N/A             N/A            &#10;PROD_E          25              N/A             N/A             N/A             N/A            &#10;-----------------------------------------------------------------------------------------------------------------&#10;Note: &apos;Shelf Qty&apos; is the total quantity on the shelf. &apos;Batch Rem. Qty&apos; is stock remaining in back-store batches.&#10;&gt;" type="org.opentest4j.AssertionFailedError"><![CDATA[org.opentest4j.AssertionFailedError: 
expected: <Enter product code to view stock details (or leave blank to view all products): 
--- Current Shelf and Back-Store Stock Details (All Products) ---
-----------------------------------------------------------------------------------------------------------------
Product Code    Shelf Qty       Batch ID        Purch. Date     Exp. Date       Batch Rem. Qty 
-----------------------------------------------------------------------------------------------------------------
PROD_A          75              101             2025-07-03      2026-01-03      50             
                                102             2025-09-03      2025-11-03      20             
PROD_B          100             201             2025-04-03      2026-04-03      100            
PROD_C          15              N/A             N/A             N/A             N/A            
PROD_D          0               N/A             N/A             N/A             N/A            
PROD_E          25              N/A             N/A             N/A             N/A            
-----------------------------------------------------------------------------------------------------------------
Note: 'Shelf Qty' is the total quantity on the shelf. 'Batch Rem. Qty' is stock remaining in back-store batches.
> but was: <Enter product code to view stock details (or leave blank to view all products): 
--- Current Shelf and Back-Store Stock Details (All Products) ---
-----------------------------------------------------------------------------------------------------------------
Product Code    Shelf Qty       Batch ID        Purch. Date     Exp. Date       Batch Rem. Qty 
-----------------------------------------------------------------------------------------------------------------
PROD_A          75              101             2025-07-03      2026-01-03      50             
                                102             2025-09-03      2025-11-03      20             
PROD_B          100             201             2025-04-03      2026-04-03      100            
PROD_C          15              N/A             N/A             N/A             N/A            
PROD_D          0               N/A             N/A             N/A             N/A            
PROD_E          25              N/A             N/A             N/A             N/A            
-----------------------------------------------------------------------------------------------------------------
Note: 'Shelf Qty' is the total quantity on the shelf. 'Batch Rem. Qty' is stock remaining in back-store batches.
>
	at org.junit.jupiter.api.AssertionFailureBuilder.build(AssertionFailureBuilder.java:151)
	at org.junit.jupiter.api.AssertionFailureBuilder.buildAndThrow(AssertionFailureBuilder.java:132)
	at org.junit.jupiter.api.AssertEquals.failNotEqual(AssertEquals.java:197)
	at org.junit.jupiter.api.AssertEquals.assertEquals(AssertEquals.java:182)
	at org.junit.jupiter.api.AssertEquals.assertEquals(AssertEquals.java:177)
	at org.junit.jupiter.api.Assertions.assertEquals(Assertions.java:1141)
	at com.test.command.ViewStockCommandTest.testExecute_displayAll_mixedStockDetails(ViewStockCommandTest.java:161)
	at java.base/java.lang.reflect.Method.invoke(Method.java:568)
	at java.base/java.util.ArrayList.forEach(ArrayList.java:1511)
	at java.base/java.util.ArrayList.forEach(ArrayList.java:1511)
]]></failure>
  </testcase>
  <testcase name="testExecute_displayFiltered_zeroStockNoBatches" classname="com.test.command.ViewStockCommandTest" time="0.003">
    <failure message="expected: &lt;Enter product code to view stock details (or leave blank to view all products): &#10;--- Current Stock Details for Product: ZERO_STOCK_PROD ---&#10;-----------------------------------------------------------------------------------------------------------------&#10;Product Code    Shelf Qty       Batch ID        Purch. Date     Exp. Date       Batch Rem. Qty &#10;-----------------------------------------------------------------------------------------------------------------&#10;ZERO_STOCK_PROD 0               N/A             N/A             N/A             N/A            &#10;-----------------------------------------------------------------------------------------------------------------&#10;Note: &apos;Shelf Qty&apos; is the total quantity on the shelf. &apos;Batch Rem. Qty&apos; is stock remaining in back-store batches.&#10;&gt; but was: &lt;Enter product code to view stock details (or leave blank to view all products): &#10;--- Current Stock Details for Product: ZERO_STOCK_PROD ---&#10;-----------------------------------------------------------------------------------------------------------------&#10;Product Code    Shelf Qty       Batch ID        Purch. Date     Exp. Date       Batch Rem. Qty &#10;-----------------------------------------------------------------------------------------------------------------&#10;ZERO_STOCK_PROD 0               N/A             N/A             N/A             N/A            &#10;ZERO_STOCK_PROD 0               N/A             N/A             N/A             N/A            &#10;-----------------------------------------------------------------------------------------------------------------&#10;Note: &apos;Shelf Qty&apos; is the total quantity on the shelf. &apos;Batch Rem. Qty&apos; is stock remaining in back-store batches.&#10;&gt;" type="org.opentest4j.AssertionFailedError"><![CDATA[org.opentest4j.AssertionFailedError: 
expected: <Enter product code to view stock details (or leave blank to view all products): 
--- Current Stock Details for Product: ZERO_STOCK_PROD ---
-----------------------------------------------------------------------------------------------------------------
Product Code    Shelf Qty       Batch ID        Purch. Date     Exp. Date       Batch Rem. Qty 
-----------------------------------------------------------------------------------------------------------------
ZERO_STOCK_PROD 0               N/A             N/A             N/A             N/A            
-----------------------------------------------------------------------------------------------------------------
Note: 'Shelf Qty' is the total quantity on the shelf. 'Batch Rem. Qty' is stock remaining in back-store batches.
> but was: <Enter product code to view stock details (or leave blank to view all products): 
--- Current Stock Details for Product: ZERO_STOCK_PROD ---
-----------------------------------------------------------------------------------------------------------------
Product Code    Shelf Qty       Batch ID        Purch. Date     Exp. Date       Batch Rem. Qty 
-----------------------------------------------------------------------------------------------------------------
ZERO_STOCK_PROD 0               N/A             N/A             N/A             N/A            
ZERO_STOCK_PROD 0               N/A             N/A             N/A             N/A            
-----------------------------------------------------------------------------------------------------------------
Note: 'Shelf Qty' is the total quantity on the shelf. 'Batch Rem. Qty' is stock remaining in back-store batches.
>
	at org.junit.jupiter.api.AssertionFailureBuilder.build(AssertionFailureBuilder.java:151)
	at org.junit.jupiter.api.AssertionFailureBuilder.buildAndThrow(AssertionFailureBuilder.java:132)
	at org.junit.jupiter.api.AssertEquals.failNotEqual(AssertEquals.java:197)
	at org.junit.jupiter.api.AssertEquals.assertEquals(AssertEquals.java:182)
	at org.junit.jupiter.api.AssertEquals.assertEquals(AssertEquals.java:177)
	at org.junit.jupiter.api.Assertions.assertEquals(Assertions.java:1141)
	at com.test.command.ViewStockCommandTest.testExecute_displayFiltered_zeroStockNoBatches(ViewStockCommandTest.java:358)
	at java.base/java.lang.reflect.Method.invoke(Method.java:568)
	at java.base/java.util.ArrayList.forEach(ArrayList.java:1511)
	at java.base/java.util.ArrayList.forEach(ArrayList.java:1511)
]]></failure>
  </testcase>
  <testcase name="testExecute_displayFiltered_noBatches_positiveShelfQty" classname="com.test.command.ViewStockCommandTest" time="0.003">
    <failure message="expected: &lt;Enter product code to view stock details (or leave blank to view all products): &#10;--- Current Stock Details for Product: SHELF_ONLY_PROD ---&#10;-----------------------------------------------------------------------------------------------------------------&#10;Product Code    Shelf Qty       Batch ID        Purch. Date     Exp. Date       Batch Rem. Qty &#10;-----------------------------------------------------------------------------------------------------------------&#10;SHELF_ONLY_PROD 30              N/A             N/A             N/A             N/A            &#10;-----------------------------------------------------------------------------------------------------------------&#10;Note: &apos;Shelf Qty&apos; is the total quantity on the shelf. &apos;Batch Rem. Qty&apos; is stock remaining in back-store batches.&#10;&gt; but was: &lt;Enter product code to view stock details (or leave blank to view all products): &#10;--- Current Stock Details for Product: SHELF_ONLY_PROD ---&#10;-----------------------------------------------------------------------------------------------------------------&#10;Product Code    Shelf Qty       Batch ID        Purch. Date     Exp. Date       Batch Rem. Qty &#10;-----------------------------------------------------------------------------------------------------------------&#10;SHELF_ONLY_PROD 30              N/A             N/A             N/A             N/A            &#10;-----------------------------------------------------------------------------------------------------------------&#10;Note: &apos;Shelf Qty&apos; is the total quantity on the shelf. &apos;Batch Rem. Qty&apos; is stock remaining in back-store batches.&#10;&gt;" type="org.opentest4j.AssertionFailedError"><![CDATA[org.opentest4j.AssertionFailedError: 
expected: <Enter product code to view stock details (or leave blank to view all products): 
--- Current Stock Details for Product: SHELF_ONLY_PROD ---
-----------------------------------------------------------------------------------------------------------------
Product Code    Shelf Qty       Batch ID        Purch. Date     Exp. Date       Batch Rem. Qty 
-----------------------------------------------------------------------------------------------------------------
SHELF_ONLY_PROD 30              N/A             N/A             N/A             N/A            
-----------------------------------------------------------------------------------------------------------------
Note: 'Shelf Qty' is the total quantity on the shelf. 'Batch Rem. Qty' is stock remaining in back-store batches.
> but was: <Enter product code to view stock details (or leave blank to view all products): 
--- Current Stock Details for Product: SHELF_ONLY_PROD ---
-----------------------------------------------------------------------------------------------------------------
Product Code    Shelf Qty       Batch ID        Purch. Date     Exp. Date       Batch Rem. Qty 
-----------------------------------------------------------------------------------------------------------------
SHELF_ONLY_PROD 30              N/A             N/A             N/A             N/A            
-----------------------------------------------------------------------------------------------------------------
Note: 'Shelf Qty' is the total quantity on the shelf. 'Batch Rem. Qty' is stock remaining in back-store batches.
>
	at org.junit.jupiter.api.AssertionFailureBuilder.build(AssertionFailureBuilder.java:151)
	at org.junit.jupiter.api.AssertionFailureBuilder.buildAndThrow(AssertionFailureBuilder.java:132)
	at org.junit.jupiter.api.AssertEquals.failNotEqual(AssertEquals.java:197)
	at org.junit.jupiter.api.AssertEquals.assertEquals(AssertEquals.java:182)
	at org.junit.jupiter.api.AssertEquals.assertEquals(AssertEquals.java:177)
	at org.junit.jupiter.api.Assertions.assertEquals(Assertions.java:1141)
	at com.test.command.ViewStockCommandTest.testExecute_displayFiltered_noBatches_positiveShelfQty(ViewStockCommandTest.java:201)
	at java.base/java.lang.reflect.Method.invoke(Method.java:568)
	at java.base/java.util.ArrayList.forEach(ArrayList.java:1511)
	at java.base/java.util.ArrayList.forEach(ArrayList.java:1511)
]]></failure>
  </testcase>
  <testcase name="testExecute_displayAll_noProductsFound" classname="com.test.command.ViewStockCommandTest" time="0.003"/>
  <testcase name="testExecute_displayAll_allProductsError" classname="com.test.command.ViewStockCommandTest" time="0.003">
    <failure message="expected: &lt;Enter product code to view stock details (or leave blank to view all products): &#10;--- Current Shelf and Back-Store Stock Details (All Products) ---&#10;-----------------------------------------------------------------------------------------------------------------&#10;Product Code    Shelf Qty       Batch ID        Purch. Date     Exp. Date       Batch Rem. Qty &#10;-----------------------------------------------------------------------------------------------------------------&#10;An unexpected error occurred for product PROD1: DB Connection Lost&#10;An unexpected error occurred for product PROD2: DB Connection Lost&#10;No valid stock data found for the specified products, or issues occurred during retrieval.&#10;-----------------------------------------------------------------------------------------------------------------&#10;Note: &apos;Shelf Qty&apos; is the total quantity on the shelf. &apos;Batch Rem. Qty&apos; is stock remaining in back-store batches.&#10;&gt; but was: &lt;Enter product code to view stock details (or leave blank to view all products): &#10;--- Current Shelf and Back-Store Stock Details (All Products) ---&#10;-----------------------------------------------------------------------------------------------------------------&#10;Product Code    Shelf Qty       Batch ID        Purch. Date     Exp. Date       Batch Rem. Qty &#10;-----------------------------------------------------------------------------------------------------------------&#10;An unexpected error occurred for product PROD1: DB Connection Lost&#10;An unexpected error occurred for product PROD2: DB Connection Lost&#10;No stock data found for the selected products.&#10;-----------------------------------------------------------------------------------------------------------------&#10;Note: &apos;Shelf Qty&apos; is the total quantity on the shelf. &apos;Batch Rem. Qty&apos; is stock remaining in back-store batches.&#10;&gt;" type="org.opentest4j.AssertionFailedError"><![CDATA[org.opentest4j.AssertionFailedError: 
expected: <Enter product code to view stock details (or leave blank to view all products): 
--- Current Shelf and Back-Store Stock Details (All Products) ---
-----------------------------------------------------------------------------------------------------------------
Product Code    Shelf Qty       Batch ID        Purch. Date     Exp. Date       Batch Rem. Qty 
-----------------------------------------------------------------------------------------------------------------
An unexpected error occurred for product PROD1: DB Connection Lost
An unexpected error occurred for product PROD2: DB Connection Lost
No valid stock data found for the specified products, or issues occurred during retrieval.
-----------------------------------------------------------------------------------------------------------------
Note: 'Shelf Qty' is the total quantity on the shelf. 'Batch Rem. Qty' is stock remaining in back-store batches.
> but was: <Enter product code to view stock details (or leave blank to view all products): 
--- Current Shelf and Back-Store Stock Details (All Products) ---
-----------------------------------------------------------------------------------------------------------------
Product Code    Shelf Qty       Batch ID        Purch. Date     Exp. Date       Batch Rem. Qty 
-----------------------------------------------------------------------------------------------------------------
An unexpected error occurred for product PROD1: DB Connection Lost
An unexpected error occurred for product PROD2: DB Connection Lost
No stock data found for the selected products.
-----------------------------------------------------------------------------------------------------------------
Note: 'Shelf Qty' is the total quantity on the shelf. 'Batch Rem. Qty' is stock remaining in back-store batches.
>
	at org.junit.jupiter.api.AssertionFailureBuilder.build(AssertionFailureBuilder.java:151)
	at org.junit.jupiter.api.AssertionFailureBuilder.buildAndThrow(AssertionFailureBuilder.java:132)
	at org.junit.jupiter.api.AssertEquals.failNotEqual(AssertEquals.java:197)
	at org.junit.jupiter.api.AssertEquals.assertEquals(AssertEquals.java:182)
	at org.junit.jupiter.api.AssertEquals.assertEquals(AssertEquals.java:177)
	at org.junit.jupiter.api.Assertions.assertEquals(Assertions.java:1141)
	at com.test.command.ViewStockCommandTest.testExecute_displayAll_allProductsError(ViewStockCommandTest.java:392)
	at java.base/java.lang.reflect.Method.invoke(Method.java:568)
	at java.base/java.util.ArrayList.forEach(ArrayList.java:1511)
	at java.base/java.util.ArrayList.forEach(ArrayList.java:1511)
]]></failure>
  </testcase>
  <testcase name="testExecute_displayFiltered_unexpectedException" classname="com.test.command.ViewStockCommandTest" time="0.004">
    <failure message="expected: &lt;Enter product code to view stock details (or leave blank to view all products): &#10;--- Current Stock Details for Product: ERROR_PROD ---&#10;-----------------------------------------------------------------------------------------------------------------&#10;Product Code    Shelf Qty       Batch ID        Purch. Date     Exp. Date       Batch Rem. Qty &#10;-----------------------------------------------------------------------------------------------------------------&#10;An unexpected error occurred for product ERROR_PROD: Network error&#10;-----------------------------------------------------------------------------------------------------------------&#10;Note: &apos;Shelf Qty&apos; is the total quantity on the shelf. &apos;Batch Rem. Qty&apos; is stock remaining in back-store batches.&#10;&gt; but was: &lt;Enter product code to view stock details (or leave blank to view all products): &#10;--- Current Stock Details for Product: ERROR_PROD ---&#10;-----------------------------------------------------------------------------------------------------------------&#10;Product Code    Shelf Qty       Batch ID        Purch. Date     Exp. Date       Batch Rem. Qty &#10;-----------------------------------------------------------------------------------------------------------------&#10;An unexpected error occurred for product ERROR_PROD: Network error&#10;No stock data found for the selected products.&#10;-----------------------------------------------------------------------------------------------------------------&#10;Note: &apos;Shelf Qty&apos; is the total quantity on the shelf. &apos;Batch Rem. Qty&apos; is stock remaining in back-store batches.&#10;&gt;" type="org.opentest4j.AssertionFailedError"><![CDATA[org.opentest4j.AssertionFailedError: 
expected: <Enter product code to view stock details (or leave blank to view all products): 
--- Current Stock Details for Product: ERROR_PROD ---
-----------------------------------------------------------------------------------------------------------------
Product Code    Shelf Qty       Batch ID        Purch. Date     Exp. Date       Batch Rem. Qty 
-----------------------------------------------------------------------------------------------------------------
An unexpected error occurred for product ERROR_PROD: Network error
-----------------------------------------------------------------------------------------------------------------
Note: 'Shelf Qty' is the total quantity on the shelf. 'Batch Rem. Qty' is stock remaining in back-store batches.
> but was: <Enter product code to view stock details (or leave blank to view all products): 
--- Current Stock Details for Product: ERROR_PROD ---
-----------------------------------------------------------------------------------------------------------------
Product Code    Shelf Qty       Batch ID        Purch. Date     Exp. Date       Batch Rem. Qty 
-----------------------------------------------------------------------------------------------------------------
An unexpected error occurred for product ERROR_PROD: Network error
No stock data found for the selected products.
-----------------------------------------------------------------------------------------------------------------
Note: 'Shelf Qty' is the total quantity on the shelf. 'Batch Rem. Qty' is stock remaining in back-store batches.
>
	at org.junit.jupiter.api.AssertionFailureBuilder.build(AssertionFailureBuilder.java:151)
	at org.junit.jupiter.api.AssertionFailureBuilder.buildAndThrow(AssertionFailureBuilder.java:132)
	at org.junit.jupiter.api.AssertEquals.failNotEqual(AssertEquals.java:197)
	at org.junit.jupiter.api.AssertEquals.assertEquals(AssertEquals.java:182)
	at org.junit.jupiter.api.AssertEquals.assertEquals(AssertEquals.java:177)
	at org.junit.jupiter.api.Assertions.assertEquals(Assertions.java:1141)
	at com.test.command.ViewStockCommandTest.testExecute_displayFiltered_unexpectedException(ViewStockCommandTest.java:232)
	at java.base/java.lang.reflect.Method.invoke(Method.java:568)
	at java.base/java.util.ArrayList.forEach(ArrayList.java:1511)
	at java.base/java.util.ArrayList.forEach(ArrayList.java:1511)
]]></failure>
  </testcase>
  <testcase name="testExecute_displayFiltered_singleBatch" classname="com.test.command.ViewStockCommandTest" time="0.003">
    <failure message="expected: &lt;Enter product code to view stock details (or leave blank to view all products): &#10;--- Current Stock Details for Product: SINGLE_PROD ---&#10;-----------------------------------------------------------------------------------------------------------------&#10;Product Code    Shelf Qty       Batch ID        Purch. Date     Exp. Date       Batch Rem. Qty &#10;-----------------------------------------------------------------------------------------------------------------&#10;SINGLE_PROD     70              401             2025-09-03      2026-03-03      70             &#10;-----------------------------------------------------------------------------------------------------------------&#10;Note: &apos;Shelf Qty&apos; is the total quantity on the shelf. &apos;Batch Rem. Qty&apos; is stock remaining in back-store batches.&#10;&gt; but was: &lt;Enter product code to view stock details (or leave blank to view all products): &#10;--- Current Stock Details for Product: SINGLE_PROD ---&#10;-----------------------------------------------------------------------------------------------------------------&#10;Product Code    Shelf Qty       Batch ID        Purch. Date     Exp. Date       Batch Rem. Qty &#10;-----------------------------------------------------------------------------------------------------------------&#10;SINGLE_PROD     70              401             2025-09-03      2026-03-03      70             &#10;-----------------------------------------------------------------------------------------------------------------&#10;Note: &apos;Shelf Qty&apos; is the total quantity on the shelf. &apos;Batch Rem. Qty&apos; is stock remaining in back-store batches.&#10;&gt;" type="org.opentest4j.AssertionFailedError"><![CDATA[org.opentest4j.AssertionFailedError: 
expected: <Enter product code to view stock details (or leave blank to view all products): 
--- Current Stock Details for Product: SINGLE_PROD ---
-----------------------------------------------------------------------------------------------------------------
Product Code    Shelf Qty       Batch ID        Purch. Date     Exp. Date       Batch Rem. Qty 
-----------------------------------------------------------------------------------------------------------------
SINGLE_PROD     70              401             2025-09-03      2026-03-03      70             
-----------------------------------------------------------------------------------------------------------------
Note: 'Shelf Qty' is the total quantity on the shelf. 'Batch Rem. Qty' is stock remaining in back-store batches.
> but was: <Enter product code to view stock details (or leave blank to view all products): 
--- Current Stock Details for Product: SINGLE_PROD ---
-----------------------------------------------------------------------------------------------------------------
Product Code    Shelf Qty       Batch ID        Purch. Date     Exp. Date       Batch Rem. Qty 
-----------------------------------------------------------------------------------------------------------------
SINGLE_PROD     70              401             2025-09-03      2026-03-03      70             
-----------------------------------------------------------------------------------------------------------------
Note: 'Shelf Qty' is the total quantity on the shelf. 'Batch Rem. Qty' is stock remaining in back-store batches.
>
	at org.junit.jupiter.api.AssertionFailureBuilder.build(AssertionFailureBuilder.java:151)
	at org.junit.jupiter.api.AssertionFailureBuilder.buildAndThrow(AssertionFailureBuilder.java:132)
	at org.junit.jupiter.api.AssertEquals.failNotEqual(AssertEquals.java:197)
	at org.junit.jupiter.api.AssertEquals.assertEquals(AssertEquals.java:182)
	at org.junit.jupiter.api.AssertEquals.assertEquals(AssertEquals.java:177)
	at org.junit.jupiter.api.Assertions.assertEquals(Assertions.java:1141)
	at com.test.command.ViewStockCommandTest.testExecute_displayFiltered_singleBatch(ViewStockCommandTest.java:263)
	at java.base/java.lang.reflect.Method.invoke(Method.java:568)
	at java.base/java.util.ArrayList.forEach(ArrayList.java:1511)
	at java.base/java.util.ArrayList.forEach(ArrayList.java:1511)
]]></failure>
  </testcase>
  <testcase name="testExecute_displayAll_allProductsNotFound" classname="com.test.command.ViewStockCommandTest" time="0.006">
    <failure message="expected: &lt;Enter product code to view stock details (or leave blank to view all products): &#10;--- Current Shelf and Back-Store Stock Details (All Products) ---&#10;-----------------------------------------------------------------------------------------------------------------&#10;Product Code    Shelf Qty       Batch ID        Purch. Date     Exp. Date       Batch Rem. Qty &#10;-----------------------------------------------------------------------------------------------------------------&#10;No valid stock data found for the specified products, or issues occurred during retrieval.&#10;-----------------------------------------------------------------------------------------------------------------&#10;Note: &apos;Shelf Qty&apos; is the total quantity on the shelf. &apos;Batch Rem. Qty&apos; is stock remaining in back-store batches.&#10;&gt; but was: &lt;Enter product code to view stock details (or leave blank to view all products): &#10;--- Current Shelf and Back-Store Stock Details (All Products) ---&#10;-----------------------------------------------------------------------------------------------------------------&#10;Product Code    Shelf Qty       Batch ID        Purch. Date     Exp. Date       Batch Rem. Qty &#10;-----------------------------------------------------------------------------------------------------------------&#10;No stock data found for the selected products.&#10;-----------------------------------------------------------------------------------------------------------------&#10;Note: &apos;Shelf Qty&apos; is the total quantity on the shelf. &apos;Batch Rem. Qty&apos; is stock remaining in back-store batches.&#10;&gt;" type="org.opentest4j.AssertionFailedError"><![CDATA[org.opentest4j.AssertionFailedError: 
expected: <Enter product code to view stock details (or leave blank to view all products): 
--- Current Shelf and Back-Store Stock Details (All Products) ---
-----------------------------------------------------------------------------------------------------------------
Product Code    Shelf Qty       Batch ID        Purch. Date     Exp. Date       Batch Rem. Qty 
-----------------------------------------------------------------------------------------------------------------
No valid stock data found for the specified products, or issues occurred during retrieval.
-----------------------------------------------------------------------------------------------------------------
Note: 'Shelf Qty' is the total quantity on the shelf. 'Batch Rem. Qty' is stock remaining in back-store batches.
> but was: <Enter product code to view stock details (or leave blank to view all products): 
--- Current Shelf and Back-Store Stock Details (All Products) ---
-----------------------------------------------------------------------------------------------------------------
Product Code    Shelf Qty       Batch ID        Purch. Date     Exp. Date       Batch Rem. Qty 
-----------------------------------------------------------------------------------------------------------------
No stock data found for the selected products.
-----------------------------------------------------------------------------------------------------------------
Note: 'Shelf Qty' is the total quantity on the shelf. 'Batch Rem. Qty' is stock remaining in back-store batches.
>
	at org.junit.jupiter.api.AssertionFailureBuilder.build(AssertionFailureBuilder.java:151)
	at org.junit.jupiter.api.AssertionFailureBuilder.buildAndThrow(AssertionFailureBuilder.java:132)
	at org.junit.jupiter.api.AssertEquals.failNotEqual(AssertEquals.java:197)
	at org.junit.jupiter.api.AssertEquals.assertEquals(AssertEquals.java:182)
	at org.junit.jupiter.api.AssertEquals.assertEquals(AssertEquals.java:177)
	at org.junit.jupiter.api.Assertions.assertEquals(Assertions.java:1141)
	at com.test.command.ViewStockCommandTest.testExecute_displayAll_allProductsNotFound(ViewStockCommandTest.java:430)
	at java.base/java.lang.reflect.Method.invoke(Method.java:568)
	at java.base/java.util.ArrayList.forEach(ArrayList.java:1511)
	at java.base/java.util.ArrayList.forEach(ArrayList.java:1511)
]]></failure>
  </testcase>
  <testcase name="testExecute_displayFiltered_multipleBatches" classname="com.test.command.ViewStockCommandTest" time="0.005">
    <failure message="expected: &lt;Enter product code to view stock details (or leave blank to view all products): &#10;--- Current Stock Details for Product: FILTER_PROD ---&#10;-----------------------------------------------------------------------------------------------------------------&#10;Product Code    Shelf Qty       Batch ID        Purch. Date     Exp. Date       Batch Rem. Qty &#10;-----------------------------------------------------------------------------------------------------------------&#10;FILTER_PROD     55              301             2025-08-03      2026-02-03      40             &#10;                                302             2025-09-03      2025-12-03      15             &#10;-----------------------------------------------------------------------------------------------------------------&#10;Note: &apos;Shelf Qty&apos; is the total quantity on the shelf. &apos;Batch Rem. Qty&apos; is stock remaining in back-store batches.&#10;&gt; but was: &lt;Enter product code to view stock details (or leave blank to view all products): &#10;--- Current Stock Details for Product: FILTER_PROD ---&#10;-----------------------------------------------------------------------------------------------------------------&#10;Product Code    Shelf Qty       Batch ID        Purch. Date     Exp. Date       Batch Rem. Qty &#10;-----------------------------------------------------------------------------------------------------------------&#10;FILTER_PROD     55              301             2025-08-03      2026-02-03      40             &#10;                                302             2025-09-03      2025-12-03      15             &#10;-----------------------------------------------------------------------------------------------------------------&#10;Note: &apos;Shelf Qty&apos; is the total quantity on the shelf. &apos;Batch Rem. Qty&apos; is stock remaining in back-store batches.&#10;&gt;" type="org.opentest4j.AssertionFailedError"><![CDATA[org.opentest4j.AssertionFailedError: 
expected: <Enter product code to view stock details (or leave blank to view all products): 
--- Current Stock Details for Product: FILTER_PROD ---
-----------------------------------------------------------------------------------------------------------------
Product Code    Shelf Qty       Batch ID        Purch. Date     Exp. Date       Batch Rem. Qty 
-----------------------------------------------------------------------------------------------------------------
FILTER_PROD     55              301             2025-08-03      2026-02-03      40             
                                302             2025-09-03      2025-12-03      15             
-----------------------------------------------------------------------------------------------------------------
Note: 'Shelf Qty' is the total quantity on the shelf. 'Batch Rem. Qty' is stock remaining in back-store batches.
> but was: <Enter product code to view stock details (or leave blank to view all products): 
--- Current Stock Details for Product: FILTER_PROD ---
-----------------------------------------------------------------------------------------------------------------
Product Code    Shelf Qty       Batch ID        Purch. Date     Exp. Date       Batch Rem. Qty 
-----------------------------------------------------------------------------------------------------------------
FILTER_PROD     55              301             2025-08-03      2026-02-03      40             
                                302             2025-09-03      2025-12-03      15             
-----------------------------------------------------------------------------------------------------------------
Note: 'Shelf Qty' is the total quantity on the shelf. 'Batch Rem. Qty' is stock remaining in back-store batches.
>
	at org.junit.jupiter.api.AssertionFailureBuilder.build(AssertionFailureBuilder.java:151)
	at org.junit.jupiter.api.AssertionFailureBuilder.buildAndThrow(AssertionFailureBuilder.java:132)
	at org.junit.jupiter.api.AssertEquals.failNotEqual(AssertEquals.java:197)
	at org.junit.jupiter.api.AssertEquals.assertEquals(AssertEquals.java:182)
	at org.junit.jupiter.api.AssertEquals.assertEquals(AssertEquals.java:177)
	at org.junit.jupiter.api.Assertions.assertEquals(Assertions.java:1141)
	at com.test.command.ViewStockCommandTest.testExecute_displayFiltered_multipleBatches(ViewStockCommandTest.java:297)
	at java.base/java.lang.reflect.Method.invoke(Method.java:568)
	at java.base/java.util.ArrayList.forEach(ArrayList.java:1511)
	at java.base/java.util.ArrayList.forEach(ArrayList.java:1511)
]]></failure>
  </testcase>
  <testcase name="testExecute_displayFiltered_productNotFound" classname="com.test.command.ViewStockCommandTest" time="0.007">
    <failure message="expected: &lt;Enter product code to view stock details (or leave blank to view all products): &#10;--- Current Stock Details for Product: NON_EXISTENT_PROD ---&#10;-----------------------------------------------------------------------------------------------------------------&#10;Product Code    Shelf Qty       Batch ID        Purch. Date     Exp. Date       Batch Rem. Qty &#10;-----------------------------------------------------------------------------------------------------------------&#10;Error: Product code &apos;NON_EXISTENT_PROD&apos; not found or issue retrieving details: Product not found: NON_EXISTENT_PROD&#10;-----------------------------------------------------------------------------------------------------------------&#10;Note: &apos;Shelf Qty&apos; is the total quantity on the shelf. &apos;Batch Rem. Qty&apos; is stock remaining in back-store batches.&#10;&gt; but was: &lt;Enter product code to view stock details (or leave blank to view all products): &#10;--- Current Stock Details for Product: NON_EXISTENT_PROD ---&#10;-----------------------------------------------------------------------------------------------------------------&#10;Product Code    Shelf Qty       Batch ID        Purch. Date     Exp. Date       Batch Rem. Qty &#10;-----------------------------------------------------------------------------------------------------------------&#10;Error: Product code &apos;NON_EXISTENT_PROD&apos; not found or issue retrieving details: Product not found: NON_EXISTENT_PROD&#10;No stock data found for the selected products.&#10;-----------------------------------------------------------------------------------------------------------------&#10;Note: &apos;Shelf Qty&apos; is the total quantity on the shelf. &apos;Batch Rem. Qty&apos; is stock remaining in back-store batches.&#10;&gt;" type="org.opentest4j.AssertionFailedError"><![CDATA[org.opentest4j.AssertionFailedError: 
expected: <Enter product code to view stock details (or leave blank to view all products): 
--- Current Stock Details for Product: NON_EXISTENT_PROD ---
-----------------------------------------------------------------------------------------------------------------
Product Code    Shelf Qty       Batch ID        Purch. Date     Exp. Date       Batch Rem. Qty 
-----------------------------------------------------------------------------------------------------------------
Error: Product code 'NON_EXISTENT_PROD' not found or issue retrieving details: Product not found: NON_EXISTENT_PROD
-----------------------------------------------------------------------------------------------------------------
Note: 'Shelf Qty' is the total quantity on the shelf. 'Batch Rem. Qty' is stock remaining in back-store batches.
> but was: <Enter product code to view stock details (or leave blank to view all products): 
--- Current Stock Details for Product: NON_EXISTENT_PROD ---
-----------------------------------------------------------------------------------------------------------------
Product Code    Shelf Qty       Batch ID        Purch. Date     Exp. Date       Batch Rem. Qty 
-----------------------------------------------------------------------------------------------------------------
Error: Product code 'NON_EXISTENT_PROD' not found or issue retrieving details: Product not found: NON_EXISTENT_PROD
No stock data found for the selected products.
-----------------------------------------------------------------------------------------------------------------
Note: 'Shelf Qty' is the total quantity on the shelf. 'Batch Rem. Qty' is stock remaining in back-store batches.
>
	at org.junit.jupiter.api.AssertionFailureBuilder.build(AssertionFailureBuilder.java:151)
	at org.junit.jupiter.api.AssertionFailureBuilder.buildAndThrow(AssertionFailureBuilder.java:132)
	at org.junit.jupiter.api.AssertEquals.failNotEqual(AssertEquals.java:197)
	at org.junit.jupiter.api.AssertEquals.assertEquals(AssertEquals.java:182)
	at org.junit.jupiter.api.AssertEquals.assertEquals(AssertEquals.java:177)
	at org.junit.jupiter.api.Assertions.assertEquals(Assertions.java:1141)
	at com.test.command.ViewStockCommandTest.testExecute_displayFiltered_productNotFound(ViewStockCommandTest.java:329)
	at java.base/java.lang.reflect.Method.invoke(Method.java:568)
	at java.base/java.util.ArrayList.forEach(ArrayList.java:1511)
	at java.base/java.util.ArrayList.forEach(ArrayList.java:1511)
]]></failure>
  </testcase>
</testsuite>