<?xml version="1.0" encoding="UTF-8"?>
<testsuite xmlns:xsi="http://www.w3.org/2001/XMLSchema-instance" xsi:noNamespaceSchemaLocation="https://maven.apache.org/surefire/maven-surefire-plugin/xsd/surefire-test-report-3.0.xsd" version="3.0" name="com.test.builder.CustomerBuilderTest" time="0.055" tests="6" errors="0" skipped="0" failures="0">
  <properties>
[...]
</properties>
  <testcase name="build_missingFirstName_throwsException" classname="com.test.builder.CustomerBuilderTest" time="0.019"/>
  <testcase name="build_noFieldsProvided_throwsException" classname="com.test.builder.CustomerBuilderTest" time="0.002"/>
  <testcase name="build_allFieldsProvided_success" classname="com.test.builder.CustomerBuilderTest" time="0.011"/>
  <testcase name="build_missingEmail_throwsException" classname="com.test.builder.CustomerBuilderTest" time="0.004"/>
  <testcase name="build_missingPassword_throwsException" classname="com.test.builder.CustomerBuilderTest" time="0.005"/>
  <testcase name="build_missingLastName_throwsException" classname="com.test.builder.CustomerBuilderTest" time="0.002"/>
</testsuite>